// 重构日志: 90e14ce6
// 重构日志: f776f6d7
// 同步 ID: a9920e46 @ Sat Jul  4 05:30:08 UTC 2026
// 重构日志: 145e8f58
// 重构日志: e57b7f94
// 同步 ID: 360f6e25 @ Sun Jul  5 13:17:23 UTC 2026
// 重构日志: c8034c80
// 重构日志: 587ca781
// 重构日志: a97da304
// 同步 ID: 44d5cc03 @ Mon Jul  6 11:53:40 UTC 2026
// 同步 ID: 9d9cdf12 @ Mon Jul  6 17:40:17 UTC 2026
// 重构日志: 77930260
// 重构日志: a9aee738
// 重构日志: 80eb33be
// 重构日志: 897350be
// 同步 ID: 35f7fd8b @ Tue Jul  7 22:43:08 UTC 2026
// 重构日志: 70e403ce
// 重构日志: 566e2c8d
// 同步 ID: b2a9dac8 @ Thu Jul  9 10:57:06 UTC 2026
// 同步 ID: 135da133 @ Thu Jul  9 14:34:38 UTC 2026
// 同步 ID: a40d26cb @ Fri Jul 10 05:36:54 UTC 2026
// 重构日志: 6a656c98
// 重构日志: ef46a7b7
// 同步 ID: b9e54631 @ Sun Jul 12 21:46:17 UTC 2026
// 重构日志: df91597c
// 重构日志: ed9fcae1
// 同步 ID: be4c04e2 @ Mon Jul 13 17:32:41 UTC 2026
// 重构日志: c50c6efa
// 重构日志: bf514298
// 同步 ID: b5a37f35 @ Tue Jul 14 15:30:35 UTC 2026
